[INFO] [2017-04-19 13:59:24][org.springframework.web.servlet.DispatcherServlet]FrameworkServlet 'seckill-dispatcher': initialization started
[INFO] [2017-04-19 13:59:24][org.springframework.web.context.support.XmlWebApplicationContext]Refreshing WebApplicationContext for namespace 'seckill-dispatcher-servlet': startup date [Wed Apr 19 13:59:24 CST 2017]; root of context hierarchy
[INFO] [2017-04-19 13:59:24][org.springframework.beans.factory.xml.XmlBeanDefinitionReader]Loading XML bean definitions from file [/data/wwwroot/www.hedaye.top/blog2/WEB-INF/classes/config/spring-dao.xml]
[INFO] [2017-04-19 13:59:24][org.springframework.beans.factory.xml.XmlBeanDefinitionReader]Loading XML bean definitions from file [/data/wwwroot/www.hedaye.top/blog2/WEB-INF/classes/config/spring-redis.xml]
[INFO] [2017-04-19 13:59:24][org.springframework.beans.factory.xml.XmlBeanDefinitionReader]Loading XML bean definitions from file [/data/wwwroot/www.hedaye.top/blog2/WEB-INF/classes/config/spring-service.xml]
[INFO] [2017-04-19 13:59:24][org.springframework.beans.factory.xml.XmlBeanDefinitionReader]Loading XML bean definitions from file [/data/wwwroot/www.hedaye.top/blog2/WEB-INF/classes/config/spring-shiro.xml]
[INFO] [2017-04-19 13:59:24][org.springframework.beans.factory.xml.XmlBeanDefinitionReader]Loading XML bean definitions from file [/data/wwwroot/www.hedaye.top/blog2/WEB-INF/classes/config/spring-web.xml]
[INFO] [2017-04-19 13:59:26][com.alibaba.druid.pool.DruidDataSource]{dataSource-1} inited
[INFO] [2017-04-19 13:59:26][org.springframework.context.support.PostProcessorRegistrationDelegate$BeanPostProcessorChecker]Bean 'dataSource' of type [com.alibaba.druid.pool.DruidDataSource] is not eligible for getting processed by all BeanPostProcessors (for example: not eligible for auto-proxying)
[INFO] [2017-04-19 13:59:26][org.springframework.context.support.PostProcessorRegistrationDelegate$BeanPostProcessorChecker]Bean 'credentialsMatcher' of type [org.apache.shiro.authc.credential.Md5CredentialsMatcher] is not eligible for getting processed by all BeanPostProcessors (for example: not eligible for auto-proxying)
[INFO] [2017-04-19 13:59:26][org.springframework.context.support.PostProcessorRegistrationDelegate$BeanPostProcessorChecker]Bean 'jdbcRealm' of type [org.apache.shiro.realm.jdbc.JdbcRealm] is not eligible for getting processed by all BeanPostProcessors (for example: not eligible for auto-proxying)
[INFO] [2017-04-19 13:59:26][org.springframework.context.support.PostProcessorRegistrationDelegate$BeanPostProcessorChecker]Bean 'redisManager' of type [cn.blog2.redis.RedisManager] is not eligible for getting processed by all BeanPostProcessors (for example: not eligible for auto-proxying)
[INFO] [2017-04-19 13:59:26][org.springframework.context.support.PostProcessorRegistrationDelegate$BeanPostProcessorChecker]Bean 'redisSessionDAO' of type [cn.blog2.redis.RedisSessionDAO] is not eligible for getting processed by all BeanPostProcessors (for example: not eligible for auto-proxying)
[INFO] [2017-04-19 13:59:26][org.springframework.context.support.PostProcessorRegistrationDelegate$BeanPostProcessorChecker]Bean 'sessionManager' of type [org.apache.shiro.web.session.mgt.DefaultWebSessionManager] is not eligible for getting processed by all BeanPostProcessors (for example: not eligible for auto-proxying)
[INFO] [2017-04-19 13:59:26][org.springframework.context.support.PostProcessorRegistrationDelegate$BeanPostProcessorChecker]Bean 'securityManager' of type [org.apache.shiro.web.mgt.DefaultWebSecurityManager] is not eligible for getting processed by all BeanPostProcessors (for example: not eligible for auto-proxying)
[INFO] [2017-04-19 13:59:27][org.springframework.web.servlet.mvc.method.annotation.RequestMappingHandlerMapping]Mapped "{[/add],params=[oper=do]}" onto public java.lang.String cn.blog2.web.BlogAction.doAdd(javax.servlet.http.HttpServletRequest)
[INFO] [2017-04-19 13:59:27][org.springframework.web.servlet.mvc.method.annotation.RequestMappingHandlerMapping]Mapped "{[/view],params=[oper=detail]}" onto public java.lang.String cn.blog2.web.BlogAction.viewDetail(java.lang.Long,org.springframework.ui.Model,javax.servlet.http.HttpServletRequest)
[INFO] [2017-04-19 13:59:27][org.springframework.web.servlet.mvc.method.annotation.RequestMappingHandlerMapping]Mapped "{[/view],params=[oper=list]}" onto public java.lang.String cn.blog2.web.BlogAction.viewSelf(java.lang.String,java.lang.String,java.lang.String,org.springframework.ui.Model,javax.servlet.http.HttpServletRequest)
[INFO] [2017-04-19 13:59:27][org.springframework.web.servlet.mvc.method.annotation.RequestMappingHandlerMapping]Mapped "{[/edit]}" onto public java.lang.String cn.blog2.web.BlogAction.edit(java.lang.Long,org.springframework.ui.Model,javax.servlet.http.HttpServletRequest)
[INFO] [2017-04-19 13:59:27][org.springframework.web.servlet.mvc.method.annotation.RequestMappingHandlerMapping]Mapped "{[/edit],params=[oper=do]}" onto public java.lang.String cn.blog2.web.BlogAction.doEdit(java.lang.Long,javax.servlet.http.HttpServletRequest)
[INFO] [2017-04-19 13:59:27][org.springframework.web.servlet.mvc.method.annotation.RequestMappingHandlerMapping]Mapped "{[/add]}" onto public java.lang.String cn.blog2.web.BlogAction.add(javax.servlet.http.HttpServletRequest)
[INFO] [2017-04-19 13:59:27][org.springframework.web.servlet.mvc.method.annotation.RequestMappingHandlerMapping]Mapped "{[/delete]}" onto public java.lang.String cn.blog2.web.BlogAction.delete(java.lang.Long,javax.servlet.http.HttpServletRequest)
[INFO] [2017-04-19 13:59:27][org.springframework.web.servlet.mvc.method.annotation.RequestMappingHandlerMapping]Mapped "{[/fileOperate]}" onto public java.lang.String cn.blog2.web.FileOperateUtil.show(javax.servlet.http.HttpServletRequest)
[INFO] [2017-04-19 13:59:27][org.springframework.web.servlet.mvc.method.annotation.RequestMappingHandlerMapping]Mapped "{[/downLoad]}" onto public org.springframework.http.ResponseEntity<byte[]> cn.blog2.web.FileOperateUtil.download(java.lang.String,java.lang.String) throws java.io.IOException
[INFO] [2017-04-19 13:59:27][org.springframework.web.servlet.mvc.method.annotation.RequestMappingHandlerMapping]Mapped "{[/upload]}" onto public void cn.blog2.web.FileOperateUtil.upload(org.springframework.web.multipart.MultipartFile,javax.servlet.http.HttpServletRequest,javax.servlet.http.HttpServletResponse,org.springframework.ui.Model) throws java.lang.IllegalStateException,java.io.IOException
[INFO] [2017-04-19 13:59:27][org.springframework.web.servlet.mvc.method.annotation.RequestMappingHandlerMapping]Mapped "{[/unauthorized]}" onto public java.lang.String cn.blog2.web.LoginController.unauthorized(javax.servlet.http.HttpServletRequest)
[INFO] [2017-04-19 13:59:27][org.springframework.web.servlet.mvc.method.annotation.RequestMappingHandlerMapping]Mapped "{[/logout]}" onto public java.lang.String cn.blog2.web.LoginController.doLogout(javax.servlet.http.HttpServletRequest,org.springframework.ui.Model)
[INFO] [2017-04-19 13:59:27][org.springframework.web.servlet.mvc.method.annotation.RequestMappingHandlerMapping]Mapped "{[/checkLogined]}" onto public java.lang.String cn.blog2.web.LoginController.checkLogined(javax.servlet.http.HttpServletRequest)
[INFO] [2017-04-19 13:59:27][org.springframework.web.servlet.mvc.method.annotation.RequestMappingHandlerMapping]Mapped "{[/getVerifyCodeImage]}" onto public void cn.blog2.web.LoginController.getVerifyCodeImage(javax.servlet.http.HttpServletRequest,javax.servlet.http.HttpServletResponse) throws java.io.IOException
[INFO] [2017-04-19 13:59:27][org.springframework.web.servlet.mvc.method.annotation.RequestMappingHandlerMapping]Mapped "{[/regist],params=[oper=do],produces=[text/html;charset=UTF-8]}" onto public java.lang.String cn.blog2.web.LoginController.doRegist(javax.servlet.http.HttpServletRequest,javax.servlet.http.HttpServletResponse,org.springframework.ui.Model)
[INFO] [2017-04-19 13:59:27][org.springframework.web.servlet.mvc.method.annotation.RequestMappingHandlerMapping]Mapped "{[/login],params=[oper=do],produces=[text/html;charset=UTF-8]}" onto public java.lang.String cn.blog2.web.LoginController.doLogin(javax.servlet.http.HttpServletRequest,javax.servlet.http.HttpServletResponse,org.springframework.ui.Model)
[INFO] [2017-04-19 13:59:27][org.springframework.web.servlet.mvc.method.annotation.RequestMappingHandlerMapping]Mapped "{[/velocity.shtml]}" onto public java.lang.String cn.blog2.web.Test.vmtest(org.springframework.ui.Model,javax.servlet.http.HttpServletRequest)
[INFO] [2017-04-19 13:59:28][org.springframework.web.servlet.mvc.method.annotation.RequestMappingHandlerAdapter]Looking for @ControllerAdvice: WebApplicationContext for namespace 'seckill-dispatcher-servlet': startup date [Wed Apr 19 13:59:24 CST 2017]; root of context hierarchy
[INFO] [2017-04-19 13:59:28][org.springframework.web.servlet.mvc.method.annotation.RequestMappingHandlerAdapter]Looking for @ControllerAdvice: WebApplicationContext for namespace 'seckill-dispatcher-servlet': startup date [Wed Apr 19 13:59:24 CST 2017]; root of context hierarchy
[INFO] [2017-04-19 13:59:28][org.springframework.web.servlet.handler.SimpleUrlHandlerMapping]Mapped URL path [/**] onto handler 'org.springframework.web.servlet.resource.DefaultServletHttpRequestHandler#0'
[INFO] [2017-04-19 13:59:28][org.springframework.web.servlet.view.velocity.VelocityConfigurer]Loading Velocity config from [class path resource [config/velocity.properties]]
[INFO] [2017-04-19 13:59:28][org.springframework.web.servlet.view.velocity.VelocityConfigurer]ClasspathResourceLoader with name 'springMacro' added to configured VelocityEngine
[INFO] [2017-04-19 13:59:29][org.springframework.web.servlet.DispatcherServlet]FrameworkServlet 'seckill-dispatcher': initialization completed in 5170 ms
[INFO] [2017-04-19 14:01:50][org.springframework.web.context.support.XmlWebApplicationContext]Closing WebApplicationContext for namespace 'seckill-dispatcher-servlet': startup date [Wed Apr 19 13:59:24 CST 2017]; root of context hierarchy
[INFO] [2017-04-19 14:01:50][com.alibaba.druid.pool.DruidDataSource]{dataSource-1} closed
[INFO] [2017-04-19 14:02:02][org.springframework.web.servlet.DispatcherServlet]FrameworkServlet 'seckill-dispatcher': initialization started
[INFO] [2017-04-19 14:02:02][org.springframework.web.context.support.XmlWebApplicationContext]Refreshing WebApplicationContext for namespace 'seckill-dispatcher-servlet': startup date [Wed Apr 19 14:02:02 CST 2017]; root of context hierarchy
[INFO] [2017-04-19 14:02:02][org.springframework.beans.factory.xml.XmlBeanDefinitionReader]Loading XML bean definitions from file [/data/wwwroot/www.hedaye.top/blog2/WEB-INF/classes/config/spring-dao.xml]
[INFO] [2017-04-19 14:02:02][org.springframework.beans.factory.xml.XmlBeanDefinitionReader]Loading XML bean definitions from file [/data/wwwroot/www.hedaye.top/blog2/WEB-INF/classes/config/spring-redis.xml]
[INFO] [2017-04-19 14:02:03][org.springframework.beans.factory.xml.XmlBeanDefinitionReader]Loading XML bean definitions from file [/data/wwwroot/www.hedaye.top/blog2/WEB-INF/classes/config/spring-service.xml]
[INFO] [2017-04-19 14:02:03][org.springframework.beans.factory.xml.XmlBeanDefinitionReader]Loading XML bean definitions from file [/data/wwwroot/www.hedaye.top/blog2/WEB-INF/classes/config/spring-shiro.xml]
[INFO] [2017-04-19 14:02:03][org.springframework.beans.factory.xml.XmlBeanDefinitionReader]Loading XML bean definitions from file [/data/wwwroot/www.hedaye.top/blog2/WEB-INF/classes/config/spring-web.xml]
[INFO] [2017-04-19 14:02:04][com.alibaba.druid.pool.DruidDataSource]{dataSource-1} inited
[INFO] [2017-04-19 14:02:04][org.springframework.context.support.PostProcessorRegistrationDelegate$BeanPostProcessorChecker]Bean 'dataSource' of type [com.alibaba.druid.pool.DruidDataSource] is not eligible for getting processed by all BeanPostProcessors (for example: not eligible for auto-proxying)
[INFO] [2017-04-19 14:02:04][org.springframework.context.support.PostProcessorRegistrationDelegate$BeanPostProcessorChecker]Bean 'credentialsMatcher' of type [org.apache.shiro.authc.credential.Md5CredentialsMatcher] is not eligible for getting processed by all BeanPostProcessors (for example: not eligible for auto-proxying)
[INFO] [2017-04-19 14:02:04][org.springframework.context.support.PostProcessorRegistrationDelegate$BeanPostProcessorChecker]Bean 'jdbcRealm' of type [org.apache.shiro.realm.jdbc.JdbcRealm] is not eligible for getting processed by all BeanPostProcessors (for example: not eligible for auto-proxying)
[INFO] [2017-04-19 14:02:04][org.springframework.context.support.PostProcessorRegistrationDelegate$BeanPostProcessorChecker]Bean 'redisManager' of type [cn.blog2.redis.RedisManager] is not eligible for getting processed by all BeanPostProcessors (for example: not eligible for auto-proxying)
[INFO] [2017-04-19 14:02:04][org.springframework.context.support.PostProcessorRegistrationDelegate$BeanPostProcessorChecker]Bean 'redisSessionDAO' of type [cn.blog2.redis.RedisSessionDAO] is not eligible for getting processed by all BeanPostProcessors (for example: not eligible for auto-proxying)
[INFO] [2017-04-19 14:02:05][org.springframework.context.support.PostProcessorRegistrationDelegate$BeanPostProcessorChecker]Bean 'sessionManager' of type [org.apache.shiro.web.session.mgt.DefaultWebSessionManager] is not eligible for getting processed by all BeanPostProcessors (for example: not eligible for auto-proxying)
[INFO] [2017-04-19 14:02:05][org.springframework.context.support.PostProcessorRegistrationDelegate$BeanPostProcessorChecker]Bean 'securityManager' of type [org.apache.shiro.web.mgt.DefaultWebSecurityManager] is not eligible for getting processed by all BeanPostProcessors (for example: not eligible for auto-proxying)
[INFO] [2017-04-19 14:02:06][org.springframework.web.servlet.mvc.method.annotation.RequestMappingHandlerMapping]Mapped "{[/edit],params=[oper=do]}" onto public java.lang.String cn.blog2.web.BlogAction.doEdit(java.lang.Long,javax.servlet.http.HttpServletRequest)
[INFO] [2017-04-19 14:02:06][org.springframework.web.servlet.mvc.method.annotation.RequestMappingHandlerMapping]Mapped "{[/add],params=[oper=do]}" onto public java.lang.String cn.blog2.web.BlogAction.doAdd(javax.servlet.http.HttpServletRequest)
[INFO] [2017-04-19 14:02:06][org.springframework.web.servlet.mvc.method.annotation.RequestMappingHandlerMapping]Mapped "{[/view],params=[oper=detail]}" onto public java.lang.String cn.blog2.web.BlogAction.viewDetail(java.lang.Long,org.springframework.ui.Model,javax.servlet.http.HttpServletRequest)
[INFO] [2017-04-19 14:02:06][org.springframework.web.servlet.mvc.method.annotation.RequestMappingHandlerMapping]Mapped "{[/view],params=[oper=list]}" onto public java.lang.String cn.blog2.web.BlogAction.viewSelf(java.lang.String,java.lang.String,java.lang.String,org.springframework.ui.Model,javax.servlet.http.HttpServletRequest)
[INFO] [2017-04-19 14:02:06][org.springframework.web.servlet.mvc.method.annotation.RequestMappingHandlerMapping]Mapped "{[/edit]}" onto public java.lang.String cn.blog2.web.BlogAction.edit(java.lang.Long,org.springframework.ui.Model,javax.servlet.http.HttpServletRequest)
[INFO] [2017-04-19 14:02:06][org.springframework.web.servlet.mvc.method.annotation.RequestMappingHandlerMapping]Mapped "{[/add]}" onto public java.lang.String cn.blog2.web.BlogAction.add(javax.servlet.http.HttpServletRequest)
[INFO] [2017-04-19 14:02:06][org.springframework.web.servlet.mvc.method.annotation.RequestMappingHandlerMapping]Mapped "{[/delete]}" onto public java.lang.String cn.blog2.web.BlogAction.delete(java.lang.Long,javax.servlet.http.HttpServletRequest)
[INFO] [2017-04-19 14:02:06][org.springframework.web.servlet.mvc.method.annotation.RequestMappingHandlerMapping]Mapped "{[/fileOperate]}" onto public java.lang.String cn.blog2.web.FileOperateUtil.show(javax.servlet.http.HttpServletRequest)
[INFO] [2017-04-19 14:02:06][org.springframework.web.servlet.mvc.method.annotation.RequestMappingHandlerMapping]Mapped "{[/downLoad]}" onto public org.springframework.http.ResponseEntity<byte[]> cn.blog2.web.FileOperateUtil.download(java.lang.String,java.lang.String) throws java.io.IOException
[INFO] [2017-04-19 14:02:06][org.springframework.web.servlet.mvc.method.annotation.RequestMappingHandlerMapping]Mapped "{[/upload]}" onto public void cn.blog2.web.FileOperateUtil.upload(org.springframework.web.multipart.MultipartFile,javax.servlet.http.HttpServletRequest,javax.servlet.http.HttpServletResponse,org.springframework.ui.Model) throws java.lang.IllegalStateException,java.io.IOException
[INFO] [2017-04-19 14:02:06][org.springframework.web.servlet.mvc.method.annotation.RequestMappingHandlerMapping]Mapped "{[/unauthorized]}" onto public java.lang.String cn.blog2.web.LoginController.unauthorized(javax.servlet.http.HttpServletRequest)
[INFO] [2017-04-19 14:02:06][org.springframework.web.servlet.mvc.method.annotation.RequestMappingHandlerMapping]Mapped "{[/logout]}" onto public java.lang.String cn.blog2.web.LoginController.doLogout(javax.servlet.http.HttpServletRequest,org.springframework.ui.Model)
[INFO] [2017-04-19 14:02:06][org.springframework.web.servlet.mvc.method.annotation.RequestMappingHandlerMapping]Mapped "{[/checkLogined]}" onto public java.lang.String cn.blog2.web.LoginController.checkLogined(javax.servlet.http.HttpServletRequest)
[INFO] [2017-04-19 14:02:06][org.springframework.web.servlet.mvc.method.annotation.RequestMappingHandlerMapping]Mapped "{[/getVerifyCodeImage]}" onto public void cn.blog2.web.LoginController.getVerifyCodeImage(javax.servlet.http.HttpServletRequest,javax.servlet.http.HttpServletResponse) throws java.io.IOException
[INFO] [2017-04-19 14:02:06][org.springframework.web.servlet.mvc.method.annotation.RequestMappingHandlerMapping]Mapped "{[/regist],params=[oper=do],produces=[text/html;charset=UTF-8]}" onto public java.lang.String cn.blog2.web.LoginController.doRegist(javax.servlet.http.HttpServletRequest,javax.servlet.http.HttpServletResponse,org.springframework.ui.Model)
[INFO] [2017-04-19 14:02:06][org.springframework.web.servlet.mvc.method.annotation.RequestMappingHandlerMapping]Mapped "{[/login],params=[oper=do],produces=[text/html;charset=UTF-8]}" onto public java.lang.String cn.blog2.web.LoginController.doLogin(javax.servlet.http.HttpServletRequest,javax.servlet.http.HttpServletResponse,org.springframework.ui.Model)
[INFO] [2017-04-19 14:02:06][org.springframework.web.servlet.mvc.method.annotation.RequestMappingHandlerMapping]Mapped "{[/velocity.shtml]}" onto public java.lang.String cn.blog2.web.Test.vmtest(org.springframework.ui.Model,javax.servlet.http.HttpServletRequest)
[INFO] [2017-04-19 14:02:07][org.springframework.web.servlet.mvc.method.annotation.RequestMappingHandlerAdapter]Looking for @ControllerAdvice: WebApplicationContext for namespace 'seckill-dispatcher-servlet': startup date [Wed Apr 19 14:02:02 CST 2017]; root of context hierarchy
[INFO] [2017-04-19 14:02:07][org.springframework.web.servlet.mvc.method.annotation.RequestMappingHandlerAdapter]Looking for @ControllerAdvice: WebApplicationContext for namespace 'seckill-dispatcher-servlet': startup date [Wed Apr 19 14:02:02 CST 2017]; root of context hierarchy
[INFO] [2017-04-19 14:02:07][org.springframework.web.servlet.handler.SimpleUrlHandlerMapping]Mapped URL path [/**] onto handler 'org.springframework.web.servlet.resource.DefaultServletHttpRequestHandler#0'
[INFO] [2017-04-19 14:02:07][org.springframework.web.servlet.view.velocity.VelocityConfigurer]Loading Velocity config from [class path resource [config/velocity.properties]]
[INFO] [2017-04-19 14:02:07][org.springframework.web.servlet.view.velocity.VelocityConfigurer]ClasspathResourceLoader with name 'springMacro' added to configured VelocityEngine
[INFO] [2017-04-19 14:02:07][org.springframework.web.servlet.DispatcherServlet]FrameworkServlet 'seckill-dispatcher': initialization completed in 5031 ms
[INFO] [2017-04-19 14:03:26][org.springframework.web.context.support.XmlWebApplicationContext]Closing WebApplicationContext for namespace 'seckill-dispatcher-servlet': startup date [Wed Apr 19 14:02:02 CST 2017]; root of context hierarchy
[INFO] [2017-04-19 14:03:26][com.alibaba.druid.pool.DruidDataSource]{dataSource-1} closed
[INFO] [2017-04-19 14:03:34][org.springframework.web.servlet.DispatcherServlet]FrameworkServlet 'seckill-dispatcher': initialization started
[INFO] [2017-04-19 14:03:34][org.springframework.web.context.support.XmlWebApplicationContext]Refreshing WebApplicationContext for namespace 'seckill-dispatcher-servlet': startup date [Wed Apr 19 14:03:34 CST 2017]; root of context hierarchy
[INFO] [2017-04-19 14:03:34][org.springframework.beans.factory.xml.XmlBeanDefinitionReader]Loading XML bean definitions from file [/data/wwwroot/www.hedaye.top/blog2/WEB-INF/classes/config/spring-dao.xml]
[INFO] [2017-04-19 14:03:34][org.springframework.beans.factory.xml.XmlBeanDefinitionReader]Loading XML bean definitions from file [/data/wwwroot/www.hedaye.top/blog2/WEB-INF/classes/config/spring-redis.xml]
[INFO] [2017-04-19 14:03:34][org.springframework.beans.factory.xml.XmlBeanDefinitionReader]Loading XML bean definitions from file [/data/wwwroot/www.hedaye.top/blog2/WEB-INF/classes/config/spring-service.xml]
[INFO] [2017-04-19 14:03:34][org.springframework.beans.factory.xml.XmlBeanDefinitionReader]Loading XML bean definitions from file [/data/wwwroot/www.hedaye.top/blog2/WEB-INF/classes/config/spring-shiro.xml]
[INFO] [2017-04-19 14:03:34][org.springframework.beans.factory.xml.XmlBeanDefinitionReader]Loading XML bean definitions from file [/data/wwwroot/www.hedaye.top/blog2/WEB-INF/classes/config/spring-web.xml]
[INFO] [2017-04-19 14:03:36][com.alibaba.druid.pool.DruidDataSource]{dataSource-1} inited
[INFO] [2017-04-19 14:03:36][org.springframework.context.support.PostProcessorRegistrationDelegate$BeanPostProcessorChecker]Bean 'dataSource' of type [com.alibaba.druid.pool.DruidDataSource] is not eligible for getting processed by all BeanPostProcessors (for example: not eligible for auto-proxying)
[INFO] [2017-04-19 14:03:36][org.springframework.context.support.PostProcessorRegistrationDelegate$BeanPostProcessorChecker]Bean 'credentialsMatcher' of type [org.apache.shiro.authc.credential.Md5CredentialsMatcher] is not eligible for getting processed by all BeanPostProcessors (for example: not eligible for auto-proxying)
[INFO] [2017-04-19 14:03:36][org.springframework.context.support.PostProcessorRegistrationDelegate$BeanPostProcessorChecker]Bean 'jdbcRealm' of type [org.apache.shiro.realm.jdbc.JdbcRealm] is not eligible for getting processed by all BeanPostProcessors (for example: not eligible for auto-proxying)
[INFO] [2017-04-19 14:03:36][org.springframework.context.support.PostProcessorRegistrationDelegate$BeanPostProcessorChecker]Bean 'redisManager' of type [cn.blog2.redis.RedisManager] is not eligible for getting processed by all BeanPostProcessors (for example: not eligible for auto-proxying)
[INFO] [2017-04-19 14:03:36][org.springframework.context.support.PostProcessorRegistrationDelegate$BeanPostProcessorChecker]Bean 'redisSessionDAO' of type [cn.blog2.redis.RedisSessionDAO] is not eligible for getting processed by all BeanPostProcessors (for example: not eligible for auto-proxying)
[INFO] [2017-04-19 14:03:36][org.springframework.context.support.PostProcessorRegistrationDelegate$BeanPostProcessorChecker]Bean 'sessionManager' of type [org.apache.shiro.web.session.mgt.DefaultWebSessionManager] is not eligible for getting processed by all BeanPostProcessors (for example: not eligible for auto-proxying)
[INFO] [2017-04-19 14:03:36][org.springframework.context.support.PostProcessorRegistrationDelegate$BeanPostProcessorChecker]Bean 'securityManager' of type [org.apache.shiro.web.mgt.DefaultWebSecurityManager] is not eligible for getting processed by all BeanPostProcessors (for example: not eligible for auto-proxying)
[INFO] [2017-04-19 14:03:37][org.springframework.web.servlet.mvc.method.annotation.RequestMappingHandlerMapping]Mapped "{[/add],params=[oper=do]}" onto public java.lang.String cn.blog2.web.BlogAction.doAdd(javax.servlet.http.HttpServletRequest)
[INFO] [2017-04-19 14:03:37][org.springframework.web.servlet.mvc.method.annotation.RequestMappingHandlerMapping]Mapped "{[/view],params=[oper=detail]}" onto public java.lang.String cn.blog2.web.BlogAction.viewDetail(java.lang.Long,org.springframework.ui.Model,javax.servlet.http.HttpServletRequest)
[INFO] [2017-04-19 14:03:37][org.springframework.web.servlet.mvc.method.annotation.RequestMappingHandlerMapping]Mapped "{[/view],params=[oper=list]}" onto public java.lang.String cn.blog2.web.BlogAction.viewSelf(java.lang.String,java.lang.String,java.lang.String,org.springframework.ui.Model,javax.servlet.http.HttpServletRequest)
[INFO] [2017-04-19 14:03:37][org.springframework.web.servlet.mvc.method.annotation.RequestMappingHandlerMapping]Mapped "{[/edit]}" onto public java.lang.String cn.blog2.web.BlogAction.edit(java.lang.Long,org.springframework.ui.Model,javax.servlet.http.HttpServletRequest)
[INFO] [2017-04-19 14:03:37][org.springframework.web.servlet.mvc.method.annotation.RequestMappingHandlerMapping]Mapped "{[/edit],params=[oper=do]}" onto public java.lang.String cn.blog2.web.BlogAction.doEdit(java.lang.Long,javax.servlet.http.HttpServletRequest)
[INFO] [2017-04-19 14:03:37][org.springframework.web.servlet.mvc.method.annotation.RequestMappingHandlerMapping]Mapped "{[/add]}" onto public java.lang.String cn.blog2.web.BlogAction.add(javax.servlet.http.HttpServletRequest)
[INFO] [2017-04-19 14:03:37][org.springframework.web.servlet.mvc.method.annotation.RequestMappingHandlerMapping]Mapped "{[/delete]}" onto public java.lang.String cn.blog2.web.BlogAction.delete(java.lang.Long,javax.servlet.http.HttpServletRequest)
[INFO] [2017-04-19 14:03:37][org.springframework.web.servlet.mvc.method.annotation.RequestMappingHandlerMapping]Mapped "{[/fileOperate]}" onto public java.lang.String cn.blog2.web.FileOperateUtil.show(javax.servlet.http.HttpServletRequest)
[INFO] [2017-04-19 14:03:37][org.springframework.web.servlet.mvc.method.annotation.RequestMappingHandlerMapping]Mapped "{[/downLoad]}" onto public org.springframework.http.ResponseEntity<byte[]> cn.blog2.web.FileOperateUtil.download(java.lang.String,java.lang.String) throws java.io.IOException
[INFO] [2017-04-19 14:03:37][org.springframework.web.servlet.mvc.method.annotation.RequestMappingHandlerMapping]Mapped "{[/upload]}" onto public void cn.blog2.web.FileOperateUtil.upload(org.springframework.web.multipart.MultipartFile,javax.servlet.http.HttpServletRequest,javax.servlet.http.HttpServletResponse,org.springframework.ui.Model) throws java.lang.IllegalStateException,java.io.IOException
[INFO] [2017-04-19 14:03:37][org.springframework.web.servlet.mvc.method.annotation.RequestMappingHandlerMapping]Mapped "{[/unauthorized]}" onto public java.lang.String cn.blog2.web.LoginController.unauthorized(javax.servlet.http.HttpServletRequest)
[INFO] [2017-04-19 14:03:37][org.springframework.web.servlet.mvc.method.annotation.RequestMappingHandlerMapping]Mapped "{[/logout]}" onto public java.lang.String cn.blog2.web.LoginController.doLogout(javax.servlet.http.HttpServletRequest,org.springframework.ui.Model)
[INFO] [2017-04-19 14:03:37][org.springframework.web.servlet.mvc.method.annotation.RequestMappingHandlerMapping]Mapped "{[/checkLogined]}" onto public java.lang.String cn.blog2.web.LoginController.checkLogined(javax.servlet.http.HttpServletRequest)
[INFO] [2017-04-19 14:03:37][org.springframework.web.servlet.mvc.method.annotation.RequestMappingHandlerMapping]Mapped "{[/getVerifyCodeImage]}" onto public void cn.blog2.web.LoginController.getVerifyCodeImage(javax.servlet.http.HttpServletRequest,javax.servlet.http.HttpServletResponse) throws java.io.IOException
[INFO] [2017-04-19 14:03:37][org.springframework.web.servlet.mvc.method.annotation.RequestMappingHandlerMapping]Mapped "{[/regist],params=[oper=do],produces=[text/html;charset=UTF-8]}" onto public java.lang.String cn.blog2.web.LoginController.doRegist(javax.servlet.http.HttpServletRequest,javax.servlet.http.HttpServletResponse,org.springframework.ui.Model)
[INFO] [2017-04-19 14:03:37][org.springframework.web.servlet.mvc.method.annotation.RequestMappingHandlerMapping]Mapped "{[/login],params=[oper=do],produces=[text/html;charset=UTF-8]}" onto public java.lang.String cn.blog2.web.LoginController.doLogin(javax.servlet.http.HttpServletRequest,javax.servlet.http.HttpServletResponse,org.springframework.ui.Model)
[INFO] [2017-04-19 14:03:37][org.springframework.web.servlet.mvc.method.annotation.RequestMappingHandlerMapping]Mapped "{[/velocity.shtml]}" onto public java.lang.String cn.blog2.web.Test.vmtest(org.springframework.ui.Model,javax.servlet.http.HttpServletRequest)
[INFO] [2017-04-19 14:03:38][org.springframework.web.servlet.mvc.method.annotation.RequestMappingHandlerAdapter]Looking for @ControllerAdvice: WebApplicationContext for namespace 'seckill-dispatcher-servlet': startup date [Wed Apr 19 14:03:34 CST 2017]; root of context hierarchy
[INFO] [2017-04-19 14:03:38][org.springframework.web.servlet.mvc.method.annotation.RequestMappingHandlerAdapter]Looking for @ControllerAdvice: WebApplicationContext for namespace 'seckill-dispatcher-servlet': startup date [Wed Apr 19 14:03:34 CST 2017]; root of context hierarchy
[INFO] [2017-04-19 14:03:38][org.springframework.web.servlet.handler.SimpleUrlHandlerMapping]Mapped URL path [/**] onto handler 'org.springframework.web.servlet.resource.DefaultServletHttpRequestHandler#0'
[INFO] [2017-04-19 14:03:38][org.springframework.web.servlet.view.velocity.VelocityConfigurer]Loading Velocity config from [class path resource [config/velocity.properties]]
[INFO] [2017-04-19 14:03:38][org.springframework.web.servlet.view.velocity.VelocityConfigurer]ClasspathResourceLoader with name 'springMacro' added to configured VelocityEngine
[INFO] [2017-04-19 14:03:39][org.springframework.web.servlet.DispatcherServlet]FrameworkServlet 'seckill-dispatcher': initialization completed in 5317 ms
[INFO] [2017-04-19 14:15:17][org.springframework.web.context.support.XmlWebApplicationContext]Closing WebApplicationContext for namespace 'seckill-dispatcher-servlet': startup date [Wed Apr 19 14:03:34 CST 2017]; root of context hierarchy
[INFO] [2017-04-19 14:15:17][com.alibaba.druid.pool.DruidDataSource]{dataSource-1} closed
[INFO] [2017-04-19 14:15:30][org.springframework.web.servlet.DispatcherServlet]FrameworkServlet 'seckill-dispatcher': initialization started
[INFO] [2017-04-19 14:15:30][org.springframework.web.context.support.XmlWebApplicationContext]Refreshing WebApplicationContext for namespace 'seckill-dispatcher-servlet': startup date [Wed Apr 19 14:15:30 CST 2017]; root of context hierarchy
[INFO] [2017-04-19 14:15:30][org.springframework.beans.factory.xml.XmlBeanDefinitionReader]Loading XML bean definitions from file [/data/wwwroot/www.hedaye.top/blog2/WEB-INF/classes/config/spring-dao.xml]
[INFO] [2017-04-19 14:15:30][org.springframework.beans.factory.xml.XmlBeanDefinitionReader]Loading XML bean definitions from file [/data/wwwroot/www.hedaye.top/blog2/WEB-INF/classes/config/spring-redis.xml]
[INFO] [2017-04-19 14:15:30][org.springframework.beans.factory.xml.XmlBeanDefinitionReader]Loading XML bean definitions from file [/data/wwwroot/www.hedaye.top/blog2/WEB-INF/classes/config/spring-service.xml]
[INFO] [2017-04-19 14:15:30][org.springframework.beans.factory.xml.XmlBeanDefinitionReader]Loading XML bean definitions from file [/data/wwwroot/www.hedaye.top/blog2/WEB-INF/classes/config/spring-shiro.xml]
[INFO] [2017-04-19 14:15:30][org.springframework.beans.factory.xml.XmlBeanDefinitionReader]Loading XML bean definitions from file [/data/wwwroot/www.hedaye.top/blog2/WEB-INF/classes/config/spring-web.xml]
[INFO] [2017-04-19 14:15:32][com.alibaba.druid.pool.DruidDataSource]{dataSource-1} inited
[INFO] [2017-04-19 14:15:32][org.springframework.context.support.PostProcessorRegistrationDelegate$BeanPostProcessorChecker]Bean 'dataSource' of type [com.alibaba.druid.pool.DruidDataSource] is not eligible for getting processed by all BeanPostProcessors (for example: not eligible for auto-proxying)
[INFO] [2017-04-19 14:15:32][org.springframework.context.support.PostProcessorRegistrationDelegate$BeanPostProcessorChecker]Bean 'credentialsMatcher' of type [org.apache.shiro.authc.credential.Md5CredentialsMatcher] is not eligible for getting processed by all BeanPostProcessors (for example: not eligible for auto-proxying)
[INFO] [2017-04-19 14:15:32][org.springframework.context.support.PostProcessorRegistrationDelegate$BeanPostProcessorChecker]Bean 'jdbcRealm' of type [org.apache.shiro.realm.jdbc.JdbcRealm] is not eligible for getting processed by all BeanPostProcessors (for example: not eligible for auto-proxying)
[INFO] [2017-04-19 14:15:32][org.springframework.context.support.PostProcessorRegistrationDelegate$BeanPostProcessorChecker]Bean 'redisManager' of type [cn.blog2.redis.RedisManager] is not eligible for getting processed by all BeanPostProcessors (for example: not eligible for auto-proxying)
[INFO] [2017-04-19 14:15:32][org.springframework.context.support.PostProcessorRegistrationDelegate$BeanPostProcessorChecker]Bean 'redisSessionDAO' of type [cn.blog2.redis.RedisSessionDAO] is not eligible for getting processed by all BeanPostProcessors (for example: not eligible for auto-proxying)
[INFO] [2017-04-19 14:15:32][org.springframework.context.support.PostProcessorRegistrationDelegate$BeanPostProcessorChecker]Bean 'sessionManager' of type [org.apache.shiro.web.session.mgt.DefaultWebSessionManager] is not eligible for getting processed by all BeanPostProcessors (for example: not eligible for auto-proxying)
[INFO] [2017-04-19 14:15:32][org.springframework.context.support.PostProcessorRegistrationDelegate$BeanPostProcessorChecker]Bean 'securityManager' of type [org.apache.shiro.web.mgt.DefaultWebSecurityManager] is not eligible for getting processed by all BeanPostProcessors (for example: not eligible for auto-proxying)
[INFO] [2017-04-19 14:15:33][org.springframework.web.servlet.mvc.method.annotation.RequestMappingHandlerMapping]Mapped "{[/add],params=[oper=do]}" onto public java.lang.String cn.blog2.web.BlogAction.doAdd(javax.servlet.http.HttpServletRequest)
[INFO] [2017-04-19 14:15:33][org.springframework.web.servlet.mvc.method.annotation.RequestMappingHandlerMapping]Mapped "{[/view],params=[oper=detail]}" onto public java.lang.String cn.blog2.web.BlogAction.viewDetail(java.lang.Long,org.springframework.ui.Model,javax.servlet.http.HttpServletRequest)
[INFO] [2017-04-19 14:15:33][org.springframework.web.servlet.mvc.method.annotation.RequestMappingHandlerMapping]Mapped "{[/view],params=[oper=list]}" onto public java.lang.String cn.blog2.web.BlogAction.viewSelf(java.lang.String,java.lang.String,java.lang.String,org.springframework.ui.Model,javax.servlet.http.HttpServletRequest)
[INFO] [2017-04-19 14:15:33][org.springframework.web.servlet.mvc.method.annotation.RequestMappingHandlerMapping]Mapped "{[/edit]}" onto public java.lang.String cn.blog2.web.BlogAction.edit(java.lang.Long,org.springframework.ui.Model,javax.servlet.http.HttpServletRequest)
[INFO] [2017-04-19 14:15:33][org.springframework.web.servlet.mvc.method.annotation.RequestMappingHandlerMapping]Mapped "{[/edit],params=[oper=do]}" onto public java.lang.String cn.blog2.web.BlogAction.doEdit(java.lang.Long,javax.servlet.http.HttpServletRequest)
[INFO] [2017-04-19 14:15:33][org.springframework.web.servlet.mvc.method.annotation.RequestMappingHandlerMapping]Mapped "{[/add]}" onto public java.lang.String cn.blog2.web.BlogAction.add(javax.servlet.http.HttpServletRequest)
[INFO] [2017-04-19 14:15:33][org.springframework.web.servlet.mvc.method.annotation.RequestMappingHandlerMapping]Mapped "{[/delete]}" onto public java.lang.String cn.blog2.web.BlogAction.delete(java.lang.Long,javax.servlet.http.HttpServletRequest)
[INFO] [2017-04-19 14:15:33][org.springframework.web.servlet.mvc.method.annotation.RequestMappingHandlerMapping]Mapped "{[/downLoad]}" onto public org.springframework.http.ResponseEntity<byte[]> cn.blog2.web.FileOperateUtil.download(java.lang.String,java.lang.String) throws java.io.IOException
[INFO] [2017-04-19 14:15:33][org.springframework.web.servlet.mvc.method.annotation.RequestMappingHandlerMapping]Mapped "{[/fileOperate]}" onto public java.lang.String cn.blog2.web.FileOperateUtil.show(javax.servlet.http.HttpServletRequest)
[INFO] [2017-04-19 14:15:33][org.springframework.web.servlet.mvc.method.annotation.RequestMappingHandlerMapping]Mapped "{[/upload]}" onto public void cn.blog2.web.FileOperateUtil.upload(org.springframework.web.multipart.MultipartFile,javax.servlet.http.HttpServletRequest,javax.servlet.http.HttpServletResponse,org.springframework.ui.Model) throws java.lang.IllegalStateException,java.io.IOException
[INFO] [2017-04-19 14:15:33][org.springframework.web.servlet.mvc.method.annotation.RequestMappingHandlerMapping]Mapped "{[/login],params=[oper=do],produces=[text/html;charset=UTF-8]}" onto public java.lang.String cn.blog2.web.LoginController.doLogin(javax.servlet.http.HttpServletRequest,javax.servlet.http.HttpServletResponse,org.springframework.ui.Model)
[INFO] [2017-04-19 14:15:33][org.springframework.web.servlet.mvc.method.annotation.RequestMappingHandlerMapping]Mapped "{[/logout]}" onto public java.lang.String cn.blog2.web.LoginController.doLogout(javax.servlet.http.HttpServletRequest,org.springframework.ui.Model)
[INFO] [2017-04-19 14:15:33][org.springframework.web.servlet.mvc.method.annotation.RequestMappingHandlerMapping]Mapped "{[/checkLogined]}" onto public java.lang.String cn.blog2.web.LoginController.checkLogined(javax.servlet.http.HttpServletRequest)
[INFO] [2017-04-19 14:15:33][org.springframework.web.servlet.mvc.method.annotation.RequestMappingHandlerMapping]Mapped "{[/getVerifyCodeImage]}" onto public void cn.blog2.web.LoginController.getVerifyCodeImage(javax.servlet.http.HttpServletRequest,javax.servlet.http.HttpServletResponse) throws java.io.IOException
[INFO] [2017-04-19 14:15:33][org.springframework.web.servlet.mvc.method.annotation.RequestMappingHandlerMapping]Mapped "{[/regist],params=[oper=do],produces=[text/html;charset=UTF-8]}" onto public java.lang.String cn.blog2.web.LoginController.doRegist(javax.servlet.http.HttpServletRequest,javax.servlet.http.HttpServletResponse,org.springframework.ui.Model)
[INFO] [2017-04-19 14:15:33][org.springframework.web.servlet.mvc.method.annotation.RequestMappingHandlerMapping]Mapped "{[/unauthorized]}" onto public java.lang.String cn.blog2.web.LoginController.unauthorized(javax.servlet.http.HttpServletRequest)
[INFO] [2017-04-19 14:15:33][org.springframework.web.servlet.mvc.method.annotation.RequestMappingHandlerMapping]Mapped "{[/velocity.shtml]}" onto public java.lang.String cn.blog2.web.Test.vmtest(org.springframework.ui.Model,javax.servlet.http.HttpServletRequest)
[INFO] [2017-04-19 14:15:34][org.springframework.web.servlet.mvc.method.annotation.RequestMappingHandlerAdapter]Looking for @ControllerAdvice: WebApplicationContext for namespace 'seckill-dispatcher-servlet': startup date [Wed Apr 19 14:15:30 CST 2017]; root of context hierarchy
[INFO] [2017-04-19 14:15:34][org.springframework.web.servlet.mvc.method.annotation.RequestMappingHandlerAdapter]Looking for @ControllerAdvice: WebApplicationContext for namespace 'seckill-dispatcher-servlet': startup date [Wed Apr 19 14:15:30 CST 2017]; root of context hierarchy
[INFO] [2017-04-19 14:15:34][org.springframework.web.servlet.handler.SimpleUrlHandlerMapping]Mapped URL path [/**] onto handler 'org.springframework.web.servlet.resource.DefaultServletHttpRequestHandler#0'
[INFO] [2017-04-19 14:15:34][org.springframework.web.servlet.view.velocity.VelocityConfigurer]Loading Velocity config from [class path resource [config/velocity.properties]]
[INFO] [2017-04-19 14:15:34][org.springframework.web.servlet.view.velocity.VelocityConfigurer]ClasspathResourceLoader with name 'springMacro' added to configured VelocityEngine
[INFO] [2017-04-19 14:15:35][org.springframework.web.servlet.DispatcherServlet]FrameworkServlet 'seckill-dispatcher': initialization completed in 4976 ms
[INFO] [2017-04-19 14:32:03][org.springframework.web.context.support.XmlWebApplicationContext]Closing WebApplicationContext for namespace 'seckill-dispatcher-servlet': startup date [Wed Apr 19 14:15:30 CST 2017]; root of context hierarchy
[INFO] [2017-04-19 14:32:03][com.alibaba.druid.pool.DruidDataSource]{dataSource-1} closed
[INFO] [2017-04-19 14:32:16][org.springframework.web.servlet.DispatcherServlet]FrameworkServlet 'seckill-dispatcher': initialization started
[INFO] [2017-04-19 14:32:16][org.springframework.web.context.support.XmlWebApplicationContext]Refreshing WebApplicationContext for namespace 'seckill-dispatcher-servlet': startup date [Wed Apr 19 14:32:16 CST 2017]; root of context hierarchy
[INFO] [2017-04-19 14:32:16][org.springframework.beans.factory.xml.XmlBeanDefinitionReader]Loading XML bean definitions from file [/data/wwwroot/www.hedaye.top/blog2/WEB-INF/classes/config/spring-dao.xml]
[INFO] [2017-04-19 14:32:16][org.springframework.beans.factory.xml.XmlBeanDefinitionReader]Loading XML bean definitions from file [/data/wwwroot/www.hedaye.top/blog2/WEB-INF/classes/config/spring-redis.xml]
[INFO] [2017-04-19 14:32:16][org.springframework.beans.factory.xml.XmlBeanDefinitionReader]Loading XML bean definitions from file [/data/wwwroot/www.hedaye.top/blog2/WEB-INF/classes/config/spring-service.xml]
[INFO] [2017-04-19 14:32:16][org.springframework.beans.factory.xml.XmlBeanDefinitionReader]Loading XML bean definitions from file [/data/wwwroot/www.hedaye.top/blog2/WEB-INF/classes/config/spring-shiro.xml]
[INFO] [2017-04-19 14:32:16][org.springframework.beans.factory.xml.XmlBeanDefinitionReader]Loading XML bean definitions from file [/data/wwwroot/www.hedaye.top/blog2/WEB-INF/classes/config/spring-web.xml]
[INFO] [2017-04-19 14:32:18][com.alibaba.druid.pool.DruidDataSource]{dataSource-1} inited
[INFO] [2017-04-19 14:32:18][org.springframework.context.support.PostProcessorRegistrationDelegate$BeanPostProcessorChecker]Bean 'dataSource' of type [com.alibaba.druid.pool.DruidDataSource] is not eligible for getting processed by all BeanPostProcessors (for example: not eligible for auto-proxying)
[INFO] [2017-04-19 14:32:18][org.springframework.context.support.PostProcessorRegistrationDelegate$BeanPostProcessorChecker]Bean 'credentialsMatcher' of type [org.apache.shiro.authc.credential.Md5CredentialsMatcher] is not eligible for getting processed by all BeanPostProcessors (for example: not eligible for auto-proxying)
[INFO] [2017-04-19 14:32:18][org.springframework.context.support.PostProcessorRegistrationDelegate$BeanPostProcessorChecker]Bean 'jdbcRealm' of type [org.apache.shiro.realm.jdbc.JdbcRealm] is not eligible for getting processed by all BeanPostProcessors (for example: not eligible for auto-proxying)
[INFO] [2017-04-19 14:32:18][org.springframework.context.support.PostProcessorRegistrationDelegate$BeanPostProcessorChecker]Bean 'redisManager' of type [cn.blog2.redis.RedisManager] is not eligible for getting processed by all BeanPostProcessors (for example: not eligible for auto-proxying)
[INFO] [2017-04-19 14:32:18][org.springframework.context.support.PostProcessorRegistrationDelegate$BeanPostProcessorChecker]Bean 'redisSessionDAO' of type [cn.blog2.redis.RedisSessionDAO] is not eligible for getting processed by all BeanPostProcessors (for example: not eligible for auto-proxying)
[INFO] [2017-04-19 14:32:18][org.springframework.context.support.PostProcessorRegistrationDelegate$BeanPostProcessorChecker]Bean 'sessionManager' of type [org.apache.shiro.web.session.mgt.DefaultWebSessionManager] is not eligible for getting processed by all BeanPostProcessors (for example: not eligible for auto-proxying)
[INFO] [2017-04-19 14:32:18][org.springframework.context.support.PostProcessorRegistrationDelegate$BeanPostProcessorChecker]Bean 'securityManager' of type [org.apache.shiro.web.mgt.DefaultWebSecurityManager] is not eligible for getting processed by all BeanPostProcessors (for example: not eligible for auto-proxying)
[INFO] [2017-04-19 14:32:19][org.springframework.web.servlet.mvc.method.annotation.RequestMappingHandlerMapping]Mapped "{[/edit]}" onto public java.lang.String cn.blog2.web.BlogAction.edit(java.lang.Long,org.springframework.ui.Model,javax.servlet.http.HttpServletRequest)
[INFO] [2017-04-19 14:32:19][org.springframework.web.servlet.mvc.method.annotation.RequestMappingHandlerMapping]Mapped "{[/edit],params=[oper=do]}" onto public java.lang.String cn.blog2.web.BlogAction.doEdit(java.lang.Long,javax.servlet.http.HttpServletRequest)
[INFO] [2017-04-19 14:32:19][org.springframework.web.servlet.mvc.method.annotation.RequestMappingHandlerMapping]Mapped "{[/add],params=[oper=do]}" onto public java.lang.String cn.blog2.web.BlogAction.doAdd(javax.servlet.http.HttpServletRequest)
[INFO] [2017-04-19 14:32:19][org.springframework.web.servlet.mvc.method.annotation.RequestMappingHandlerMapping]Mapped "{[/view],params=[oper=detail]}" onto public java.lang.String cn.blog2.web.BlogAction.viewDetail(java.lang.Long,org.springframework.ui.Model,javax.servlet.http.HttpServletRequest)
[INFO] [2017-04-19 14:32:19][org.springframework.web.servlet.mvc.method.annotation.RequestMappingHandlerMapping]Mapped "{[/view],params=[oper=list]}" onto public java.lang.String cn.blog2.web.BlogAction.viewSelf(java.lang.String,java.lang.String,java.lang.String,org.springframework.ui.Model,javax.servlet.http.HttpServletRequest)
[INFO] [2017-04-19 14:32:19][org.springframework.web.servlet.mvc.method.annotation.RequestMappingHandlerMapping]Mapped "{[/add]}" onto public java.lang.String cn.blog2.web.BlogAction.add(javax.servlet.http.HttpServletRequest)
[INFO] [2017-04-19 14:32:19][org.springframework.web.servlet.mvc.method.annotation.RequestMappingHandlerMapping]Mapped "{[/delete]}" onto public java.lang.String cn.blog2.web.BlogAction.delete(java.lang.Long,javax.servlet.http.HttpServletRequest)
[INFO] [2017-04-19 14:32:19][org.springframework.web.servlet.mvc.method.annotation.RequestMappingHandlerMapping]Mapped "{[/fileOperate]}" onto public java.lang.String cn.blog2.web.FileOperateUtil.show(javax.servlet.http.HttpServletRequest)
[INFO] [2017-04-19 14:32:19][org.springframework.web.servlet.mvc.method.annotation.RequestMappingHandlerMapping]Mapped "{[/downLoad]}" onto public org.springframework.http.ResponseEntity<byte[]> cn.blog2.web.FileOperateUtil.download(java.lang.String,java.lang.String) throws java.io.IOException
[INFO] [2017-04-19 14:32:19][org.springframework.web.servlet.mvc.method.annotation.RequestMappingHandlerMapping]Mapped "{[/upload]}" onto public void cn.blog2.web.FileOperateUtil.upload(org.springframework.web.multipart.MultipartFile,javax.servlet.http.HttpServletRequest,javax.servlet.http.HttpServletResponse,org.springframework.ui.Model) throws java.lang.IllegalStateException,java.io.IOException
[INFO] [2017-04-19 14:32:19][org.springframework.web.servlet.mvc.method.annotation.RequestMappingHandlerMapping]Mapped "{[/login],params=[oper=do],produces=[text/html;charset=UTF-8]}" onto public java.lang.String cn.blog2.web.LoginController.doLogin(javax.servlet.http.HttpServletRequest,javax.servlet.http.HttpServletResponse,org.springframework.ui.Model)
[INFO] [2017-04-19 14:32:19][org.springframework.web.servlet.mvc.method.annotation.RequestMappingHandlerMapping]Mapped "{[/unauthorized]}" onto public java.lang.String cn.blog2.web.LoginController.unauthorized(javax.servlet.http.HttpServletRequest)
[INFO] [2017-04-19 14:32:19][org.springframework.web.servlet.mvc.method.annotation.RequestMappingHandlerMapping]Mapped "{[/logout]}" onto public java.lang.String cn.blog2.web.LoginController.doLogout(javax.servlet.http.HttpServletRequest,org.springframework.ui.Model)
[INFO] [2017-04-19 14:32:19][org.springframework.web.servlet.mvc.method.annotation.RequestMappingHandlerMapping]Mapped "{[/checkLogined]}" onto public java.lang.String cn.blog2.web.LoginController.checkLogined(javax.servlet.http.HttpServletRequest)
[INFO] [2017-04-19 14:32:19][org.springframework.web.servlet.mvc.method.annotation.RequestMappingHandlerMapping]Mapped "{[/getVerifyCodeImage]}" onto public void cn.blog2.web.LoginController.getVerifyCodeImage(javax.servlet.http.HttpServletRequest,javax.servlet.http.HttpServletResponse) throws java.io.IOException
[INFO] [2017-04-19 14:32:19][org.springframework.web.servlet.mvc.method.annotation.RequestMappingHandlerMapping]Mapped "{[/regist],params=[oper=do],produces=[text/html;charset=UTF-8]}" onto public java.lang.String cn.blog2.web.LoginController.doRegist(javax.servlet.http.HttpServletRequest,javax.servlet.http.HttpServletResponse,org.springframework.ui.Model)
[INFO] [2017-04-19 14:32:19][org.springframework.web.servlet.mvc.method.annotation.RequestMappingHandlerMapping]Mapped "{[/velocity.shtml]}" onto public java.lang.String cn.blog2.web.Test.vmtest(org.springframework.ui.Model,javax.servlet.http.HttpServletRequest)
[INFO] [2017-04-19 14:32:20][org.springframework.web.servlet.mvc.method.annotation.RequestMappingHandlerAdapter]Looking for @ControllerAdvice: WebApplicationContext for namespace 'seckill-dispatcher-servlet': startup date [Wed Apr 19 14:32:16 CST 2017]; root of context hierarchy
[INFO] [2017-04-19 14:32:20][org.springframework.web.servlet.mvc.method.annotation.RequestMappingHandlerAdapter]Looking for @ControllerAdvice: WebApplicationContext for namespace 'seckill-dispatcher-servlet': startup date [Wed Apr 19 14:32:16 CST 2017]; root of context hierarchy
[INFO] [2017-04-19 14:32:20][org.springframework.web.servlet.handler.SimpleUrlHandlerMapping]Mapped URL path [/**] onto handler 'org.springframework.web.servlet.resource.DefaultServletHttpRequestHandler#0'
[INFO] [2017-04-19 14:32:20][org.springframework.web.servlet.view.velocity.VelocityConfigurer]Loading Velocity config from [class path resource [config/velocity.properties]]
[INFO] [2017-04-19 14:32:20][org.springframework.web.servlet.view.velocity.VelocityConfigurer]ClasspathResourceLoader with name 'springMacro' added to configured VelocityEngine
[INFO] [2017-04-19 14:32:21][org.springframework.web.servlet.DispatcherServlet]FrameworkServlet 'seckill-dispatcher': initialization completed in 5178 ms
[INFO] [2017-04-19 14:32:25][org.apache.shiro.session.mgt.AbstractValidatingSessionManager]Enabling session validation scheduler...
[INFO] [2017-04-19 14:32:26][org.apache.velocity.tools.view.servlet.ServletToolboxManager]Using config file '/WEB-INF/classes/config/velocity-toolbox.xml'
[WARN] [2017-04-19 14:32:26][org.apache.velocity.tools.view.XMLToolboxManager]XMLToolboxManager has been deprecated. Please use org.apache.velocity.tools.ToolboxFactory instead.
[WARN] [2017-04-19 14:32:26][org.apache.velocity.tools.view.servlet.ServletToolboxManager]ServletToolboxManager has been deprecated. Please use org.apache.velocity.tools.ToolboxFactory instead.
[INFO] [2017-04-19 14:33:06][cn.blog2.web.LoginController][nF0f],Session
[INFO] [2017-04-19 14:36:25][org.springframework.web.context.support.XmlWebApplicationContext]Closing WebApplicationContext for namespace 'seckill-dispatcher-servlet': startup date [Wed Apr 19 14:32:16 CST 2017]; root of context hierarchy
[INFO] [2017-04-19 14:36:25][org.apache.shiro.session.mgt.AbstractValidatingSessionManager]Disabled session validation scheduler.
[INFO] [2017-04-19 14:36:25][com.alibaba.druid.pool.DruidDataSource]{dataSource-1} closed
[INFO] [2017-04-19 14:36:33][org.springframework.web.servlet.DispatcherServlet]FrameworkServlet 'seckill-dispatcher': initialization started
[INFO] [2017-04-19 14:36:33][org.springframework.web.context.support.XmlWebApplicationContext]Refreshing WebApplicationContext for namespace 'seckill-dispatcher-servlet': startup date [Wed Apr 19 14:36:33 CST 2017]; root of context hierarchy
[INFO] [2017-04-19 14:36:33][org.springframework.beans.factory.xml.XmlBeanDefinitionReader]Loading XML bean definitions from file [/data/wwwroot/www.hedaye.top/blog2/WEB-INF/classes/config/spring-dao.xml]
[INFO] [2017-04-19 14:36:33][org.springframework.beans.factory.xml.XmlBeanDefinitionReader]Loading XML bean definitions from file [/data/wwwroot/www.hedaye.top/blog2/WEB-INF/classes/config/spring-redis.xml]
[INFO] [2017-04-19 14:36:33][org.springframework.beans.factory.xml.XmlBeanDefinitionReader]Loading XML bean definitions from file [/data/wwwroot/www.hedaye.top/blog2/WEB-INF/classes/config/spring-service.xml]
[INFO] [2017-04-19 14:36:33][org.springframework.beans.factory.xml.XmlBeanDefinitionReader]Loading XML bean definitions from file [/data/wwwroot/www.hedaye.top/blog2/WEB-INF/classes/config/spring-shiro.xml]
[INFO] [2017-04-19 14:36:33][org.springframework.beans.factory.xml.XmlBeanDefinitionReader]Loading XML bean definitions from file [/data/wwwroot/www.hedaye.top/blog2/WEB-INF/classes/config/spring-web.xml]
[INFO] [2017-04-19 14:36:35][com.alibaba.druid.pool.DruidDataSource]{dataSource-1} inited
[INFO] [2017-04-19 14:36:35][org.springframework.context.support.PostProcessorRegistrationDelegate$BeanPostProcessorChecker]Bean 'dataSource' of type [com.alibaba.druid.pool.DruidDataSource] is not eligible for getting processed by all BeanPostProcessors (for example: not eligible for auto-proxying)
[INFO] [2017-04-19 14:36:35][org.springframework.context.support.PostProcessorRegistrationDelegate$BeanPostProcessorChecker]Bean 'credentialsMatcher' of type [org.apache.shiro.authc.credential.Md5CredentialsMatcher] is not eligible for getting processed by all BeanPostProcessors (for example: not eligible for auto-proxying)
[INFO] [2017-04-19 14:36:35][org.springframework.context.support.PostProcessorRegistrationDelegate$BeanPostProcessorChecker]Bean 'jdbcRealm' of type [org.apache.shiro.realm.jdbc.JdbcRealm] is not eligible for getting processed by all BeanPostProcessors (for example: not eligible for auto-proxying)
[INFO] [2017-04-19 14:36:35][org.springframework.context.support.PostProcessorRegistrationDelegate$BeanPostProcessorChecker]Bean 'redisManager' of type [cn.blog2.redis.RedisManager] is not eligible for getting processed by all BeanPostProcessors (for example: not eligible for auto-proxying)
[INFO] [2017-04-19 14:36:35][org.springframework.context.support.PostProcessorRegistrationDelegate$BeanPostProcessorChecker]Bean 'redisSessionDAO' of type [cn.blog2.redis.RedisSessionDAO] is not eligible for getting processed by all BeanPostProcessors (for example: not eligible for auto-proxying)
[INFO] [2017-04-19 14:36:35][org.springframework.context.support.PostProcessorRegistrationDelegate$BeanPostProcessorChecker]Bean 'sessionManager' of type [org.apache.shiro.web.session.mgt.DefaultWebSessionManager] is not eligible for getting processed by all BeanPostProcessors (for example: not eligible for auto-proxying)
[INFO] [2017-04-19 14:36:35][org.springframework.context.support.PostProcessorRegistrationDelegate$BeanPostProcessorChecker]Bean 'securityManager' of type [org.apache.shiro.web.mgt.DefaultWebSecurityManager] is not eligible for getting processed by all BeanPostProcessors (for example: not eligible for auto-proxying)
[INFO] [2017-04-19 14:36:36][org.springframework.web.servlet.mvc.method.annotation.RequestMappingHandlerMapping]Mapped "{[/edit],params=[oper=do]}" onto public java.lang.String cn.blog2.web.BlogAction.doEdit(java.lang.Long,javax.servlet.http.HttpServletRequest)
[INFO] [2017-04-19 14:36:36][org.springframework.web.servlet.mvc.method.annotation.RequestMappingHandlerMapping]Mapped "{[/add],params=[oper=do]}" onto public java.lang.String cn.blog2.web.BlogAction.doAdd(javax.servlet.http.HttpServletRequest)
[INFO] [2017-04-19 14:36:36][org.springframework.web.servlet.mvc.method.annotation.RequestMappingHandlerMapping]Mapped "{[/view],params=[oper=detail]}" onto public java.lang.String cn.blog2.web.BlogAction.viewDetail(java.lang.Long,org.springframework.ui.Model,javax.servlet.http.HttpServletRequest)
[INFO] [2017-04-19 14:36:36][org.springframework.web.servlet.mvc.method.annotation.RequestMappingHandlerMapping]Mapped "{[/view],params=[oper=list]}" onto public java.lang.String cn.blog2.web.BlogAction.viewSelf(java.lang.String,java.lang.String,java.lang.String,org.springframework.ui.Model,javax.servlet.http.HttpServletRequest)
[INFO] [2017-04-19 14:36:36][org.springframework.web.servlet.mvc.method.annotation.RequestMappingHandlerMapping]Mapped "{[/edit]}" onto public java.lang.String cn.blog2.web.BlogAction.edit(java.lang.Long,org.springframework.ui.Model,javax.servlet.http.HttpServletRequest)
[INFO] [2017-04-19 14:36:36][org.springframework.web.servlet.mvc.method.annotation.RequestMappingHandlerMapping]Mapped "{[/add]}" onto public java.lang.String cn.blog2.web.BlogAction.add(javax.servlet.http.HttpServletRequest)
[INFO] [2017-04-19 14:36:36][org.springframework.web.servlet.mvc.method.annotation.RequestMappingHandlerMapping]Mapped "{[/delete]}" onto public java.lang.String cn.blog2.web.BlogAction.delete(java.lang.Long,javax.servlet.http.HttpServletRequest)
[INFO] [2017-04-19 14:36:36][org.springframework.web.servlet.mvc.method.annotation.RequestMappingHandlerMapping]Mapped "{[/fileOperate]}" onto public java.lang.String cn.blog2.web.FileOperateUtil.show(javax.servlet.http.HttpServletRequest)
[INFO] [2017-04-19 14:36:36][org.springframework.web.servlet.mvc.method.annotation.RequestMappingHandlerMapping]Mapped "{[/downLoad]}" onto public org.springframework.http.ResponseEntity<byte[]> cn.blog2.web.FileOperateUtil.download(java.lang.String,java.lang.String) throws java.io.IOException
[INFO] [2017-04-19 14:36:36][org.springframework.web.servlet.mvc.method.annotation.RequestMappingHandlerMapping]Mapped "{[/upload]}" onto public void cn.blog2.web.FileOperateUtil.upload(org.springframework.web.multipart.MultipartFile,javax.servlet.http.HttpServletRequest,javax.servlet.http.HttpServletResponse,org.springframework.ui.Model) throws java.lang.IllegalStateException,java.io.IOException
[INFO] [2017-04-19 14:36:36][org.springframework.web.servlet.mvc.method.annotation.RequestMappingHandlerMapping]Mapped "{[/login],params=[oper=do],produces=[text/html;charset=UTF-8]}" onto public java.lang.String cn.blog2.web.LoginController.doLogin(javax.servlet.http.HttpServletRequest,javax.servlet.http.HttpServletResponse,org.springframework.ui.Model)
[INFO] [2017-04-19 14:36:36][org.springframework.web.servlet.mvc.method.annotation.RequestMappingHandlerMapping]Mapped "{[/logout]}" onto public java.lang.String cn.blog2.web.LoginController.doLogout(javax.servlet.http.HttpServletRequest,org.springframework.ui.Model)
[INFO] [2017-04-19 14:36:36][org.springframework.web.servlet.mvc.method.annotation.RequestMappingHandlerMapping]Mapped "{[/checkLogined]}" onto public java.lang.String cn.blog2.web.LoginController.checkLogined(javax.servlet.http.HttpServletRequest)
[INFO] [2017-04-19 14:36:36][org.springframework.web.servlet.mvc.method.annotation.RequestMappingHandlerMapping]Mapped "{[/getVerifyCodeImage]}" onto public void cn.blog2.web.LoginController.getVerifyCodeImage(javax.servlet.http.HttpServletRequest,javax.servlet.http.HttpServletResponse) throws java.io.IOException
[INFO] [2017-04-19 14:36:36][org.springframework.web.servlet.mvc.method.annotation.RequestMappingHandlerMapping]Mapped "{[/regist],params=[oper=do],produces=[text/html;charset=UTF-8]}" onto public java.lang.String cn.blog2.web.LoginController.doRegist(javax.servlet.http.HttpServletRequest,javax.servlet.http.HttpServletResponse,org.springframework.ui.Model)
[INFO] [2017-04-19 14:36:36][org.springframework.web.servlet.mvc.method.annotation.RequestMappingHandlerMapping]Mapped "{[/unauthorized]}" onto public java.lang.String cn.blog2.web.LoginController.unauthorized(javax.servlet.http.HttpServletRequest)
[INFO] [2017-04-19 14:36:36][org.springframework.web.servlet.mvc.method.annotation.RequestMappingHandlerMapping]Mapped "{[/velocity.shtml]}" onto public java.lang.String cn.blog2.web.Test.vmtest(org.springframework.ui.Model,javax.servlet.http.HttpServletRequest)
[INFO] [2017-04-19 14:36:37][org.springframework.web.servlet.mvc.method.annotation.RequestMappingHandlerAdapter]Looking for @ControllerAdvice: WebApplicationContext for namespace 'seckill-dispatcher-servlet': startup date [Wed Apr 19 14:36:33 CST 2017]; root of context hierarchy
[INFO] [2017-04-19 14:36:37][org.springframework.web.servlet.mvc.method.annotation.RequestMappingHandlerAdapter]Looking for @ControllerAdvice: WebApplicationContext for namespace 'seckill-dispatcher-servlet': startup date [Wed Apr 19 14:36:33 CST 2017]; root of context hierarchy
[INFO] [2017-04-19 14:36:37][org.springframework.web.servlet.handler.SimpleUrlHandlerMapping]Mapped URL path [/**] onto handler 'org.springframework.web.servlet.resource.DefaultServletHttpRequestHandler#0'
[INFO] [2017-04-19 14:36:37][org.springframework.web.servlet.view.velocity.VelocityConfigurer]Loading Velocity config from [class path resource [config/velocity.properties]]
[INFO] [2017-04-19 14:36:37][org.springframework.web.servlet.view.velocity.VelocityConfigurer]ClasspathResourceLoader with name 'springMacro' added to configured VelocityEngine
[INFO] [2017-04-19 14:36:38][org.springframework.web.servlet.DispatcherServlet]FrameworkServlet 'seckill-dispatcher': initialization completed in 5155 ms
[INFO] [2017-04-19 14:36:41][org.apache.shiro.session.mgt.AbstractValidatingSessionManager]Enabling session validation scheduler...
[INFO] [2017-04-19 14:36:42][org.apache.velocity.tools.view.servlet.ServletToolboxManager]Using config file '/WEB-INF/classes/config/velocity-toolbox.xml'
[WARN] [2017-04-19 14:36:42][org.apache.velocity.tools.view.XMLToolboxManager]XMLToolboxManager has been deprecated. Please use org.apache.velocity.tools.ToolboxFactory instead.
[WARN] [2017-04-19 14:36:42][org.apache.velocity.tools.view.servlet.ServletToolboxManager]ServletToolboxManager has been deprecated. Please use org.apache.velocity.tools.ToolboxFactory instead.
[INFO] [2017-04-19 14:46:50][org.springframework.web.context.support.XmlWebApplicationContext]Closing WebApplicationContext for namespace 'seckill-dispatcher-servlet': startup date [Wed Apr 19 14:36:33 CST 2017]; root of context hierarchy
[INFO] [2017-04-19 14:46:50][org.apache.shiro.session.mgt.AbstractValidatingSessionManager]Disabled session validation scheduler.
[INFO] [2017-04-19 14:46:50][com.alibaba.druid.pool.DruidDataSource]{dataSource-1} closed
[INFO] [2017-04-19 14:46:58][org.springframework.web.servlet.DispatcherServlet]FrameworkServlet 'seckill-dispatcher': initialization started
[INFO] [2017-04-19 14:46:58][org.springframework.web.context.support.XmlWebApplicationContext]Refreshing WebApplicationContext for namespace 'seckill-dispatcher-servlet': startup date [Wed Apr 19 14:46:58 CST 2017]; root of context hierarchy
[INFO] [2017-04-19 14:46:58][org.springframework.beans.factory.xml.XmlBeanDefinitionReader]Loading XML bean definitions from file [/data/wwwroot/www.hedaye.top/blog2/WEB-INF/classes/config/spring-dao.xml]
[INFO] [2017-04-19 14:46:58][org.springframework.beans.factory.xml.XmlBeanDefinitionReader]Loading XML bean definitions from file [/data/wwwroot/www.hedaye.top/blog2/WEB-INF/classes/config/spring-redis.xml]
[INFO] [2017-04-19 14:46:58][org.springframework.beans.factory.xml.XmlBeanDefinitionReader]Loading XML bean definitions from file [/data/wwwroot/www.hedaye.top/blog2/WEB-INF/classes/config/spring-service.xml]
[INFO] [2017-04-19 14:46:59][org.springframework.beans.factory.xml.XmlBeanDefinitionReader]Loading XML bean definitions from file [/data/wwwroot/www.hedaye.top/blog2/WEB-INF/classes/config/spring-shiro.xml]
[INFO] [2017-04-19 14:46:59][org.springframework.beans.factory.xml.XmlBeanDefinitionReader]Loading XML bean definitions from file [/data/wwwroot/www.hedaye.top/blog2/WEB-INF/classes/config/spring-web.xml]
[INFO] [2017-04-19 14:47:00][com.alibaba.druid.pool.DruidDataSource]{dataSource-1} inited
[INFO] [2017-04-19 14:47:00][org.springframework.context.support.PostProcessorRegistrationDelegate$BeanPostProcessorChecker]Bean 'dataSource' of type [com.alibaba.druid.pool.DruidDataSource] is not eligible for getting processed by all BeanPostProcessors (for example: not eligible for auto-proxying)
[INFO] [2017-04-19 14:47:00][org.springframework.context.support.PostProcessorRegistrationDelegate$BeanPostProcessorChecker]Bean 'credentialsMatcher' of type [org.apache.shiro.authc.credential.Md5CredentialsMatcher] is not eligible for getting processed by all BeanPostProcessors (for example: not eligible for auto-proxying)
[INFO] [2017-04-19 14:47:00][org.springframework.context.support.PostProcessorRegistrationDelegate$BeanPostProcessorChecker]Bean 'jdbcRealm' of type [org.apache.shiro.realm.jdbc.JdbcRealm] is not eligible for getting processed by all BeanPostProcessors (for example: not eligible for auto-proxying)
[INFO] [2017-04-19 14:47:00][org.springframework.context.support.PostProcessorRegistrationDelegate$BeanPostProcessorChecker]Bean 'redisManager' of type [cn.blog2.redis.RedisManager] is not eligible for getting processed by all BeanPostProcessors (for example: not eligible for auto-proxying)
[INFO] [2017-04-19 14:47:00][org.springframework.context.support.PostProcessorRegistrationDelegate$BeanPostProcessorChecker]Bean 'redisSessionDAO' of type [cn.blog2.redis.RedisSessionDAO] is not eligible for getting processed by all BeanPostProcessors (for example: not eligible for auto-proxying)
[INFO] [2017-04-19 14:47:00][org.springframework.context.support.PostProcessorRegistrationDelegate$BeanPostProcessorChecker]Bean 'sessionManager' of type [org.apache.shiro.web.session.mgt.DefaultWebSessionManager] is not eligible for getting processed by all BeanPostProcessors (for example: not eligible for auto-proxying)
[INFO] [2017-04-19 14:47:00][org.springframework.context.support.PostProcessorRegistrationDelegate$BeanPostProcessorChecker]Bean 'securityManager' of type [org.apache.shiro.web.mgt.DefaultWebSecurityManager] is not eligible for getting processed by all BeanPostProcessors (for example: not eligible for auto-proxying)
[INFO] [2017-04-19 14:47:02][org.springframework.web.servlet.mvc.method.annotation.RequestMappingHandlerMapping]Mapped "{[/add],params=[oper=do]}" onto public java.lang.String cn.blog2.web.BlogAction.doAdd(javax.servlet.http.HttpServletRequest)
[INFO] [2017-04-19 14:47:02][org.springframework.web.servlet.mvc.method.annotation.RequestMappingHandlerMapping]Mapped "{[/view],params=[oper=detail]}" onto public java.lang.String cn.blog2.web.BlogAction.viewDetail(java.lang.Long,org.springframework.ui.Model,javax.servlet.http.HttpServletRequest)
[INFO] [2017-04-19 14:47:02][org.springframework.web.servlet.mvc.method.annotation.RequestMappingHandlerMapping]Mapped "{[/view],params=[oper=list]}" onto public java.lang.String cn.blog2.web.BlogAction.viewSelf(java.lang.String,java.lang.String,java.lang.String,org.springframework.ui.Model,javax.servlet.http.HttpServletRequest)
[INFO] [2017-04-19 14:47:02][org.springframework.web.servlet.mvc.method.annotation.RequestMappingHandlerMapping]Mapped "{[/edit]}" onto public java.lang.String cn.blog2.web.BlogAction.edit(java.lang.Long,org.springframework.ui.Model,javax.servlet.http.HttpServletRequest)
[INFO] [2017-04-19 14:47:02][org.springframework.web.servlet.mvc.method.annotation.RequestMappingHandlerMapping]Mapped "{[/edit],params=[oper=do]}" onto public java.lang.String cn.blog2.web.BlogAction.doEdit(java.lang.Long,javax.servlet.http.HttpServletRequest)
[INFO] [2017-04-19 14:47:02][org.springframework.web.servlet.mvc.method.annotation.RequestMappingHandlerMapping]Mapped "{[/add]}" onto public java.lang.String cn.blog2.web.BlogAction.add(javax.servlet.http.HttpServletRequest)
[INFO] [2017-04-19 14:47:02][org.springframework.web.servlet.mvc.method.annotation.RequestMappingHandlerMapping]Mapped "{[/delete]}" onto public java.lang.String cn.blog2.web.BlogAction.delete(java.lang.Long,javax.servlet.http.HttpServletRequest)
[INFO] [2017-04-19 14:47:02][org.springframework.web.servlet.mvc.method.annotation.RequestMappingHandlerMapping]Mapped "{[/fileOperate]}" onto public java.lang.String cn.blog2.web.FileOperateUtil.show(javax.servlet.http.HttpServletRequest)
[INFO] [2017-04-19 14:47:02][org.springframework.web.servlet.mvc.method.annotation.RequestMappingHandlerMapping]Mapped "{[/downLoad]}" onto public org.springframework.http.ResponseEntity<byte[]> cn.blog2.web.FileOperateUtil.download(java.lang.String,java.lang.String) throws java.io.IOException
[INFO] [2017-04-19 14:47:02][org.springframework.web.servlet.mvc.method.annotation.RequestMappingHandlerMapping]Mapped "{[/upload]}" onto public void cn.blog2.web.FileOperateUtil.upload(org.springframework.web.multipart.MultipartFile,javax.servlet.http.HttpServletRequest,javax.servlet.http.HttpServletResponse,org.springframework.ui.Model) throws java.lang.IllegalStateException,java.io.IOException
[INFO] [2017-04-19 14:47:02][org.springframework.web.servlet.mvc.method.annotation.RequestMappingHandlerMapping]Mapped "{[/unauthorized]}" onto public java.lang.String cn.blog2.web.LoginController.unauthorized(javax.servlet.http.HttpServletRequest)
[INFO] [2017-04-19 14:47:02][org.springframework.web.servlet.mvc.method.annotation.RequestMappingHandlerMapping]Mapped "{[/logout]}" onto public java.lang.String cn.blog2.web.LoginController.doLogout(javax.servlet.http.HttpServletRequest,org.springframework.ui.Model)
[INFO] [2017-04-19 14:47:02][org.springframework.web.servlet.mvc.method.annotation.RequestMappingHandlerMapping]Mapped "{[/checkLogined]}" onto public java.lang.String cn.blog2.web.LoginController.checkLogined(javax.servlet.http.HttpServletRequest)
[INFO] [2017-04-19 14:47:02][org.springframework.web.servlet.mvc.method.annotation.RequestMappingHandlerMapping]Mapped "{[/getVerifyCodeImage]}" onto public void cn.blog2.web.LoginController.getVerifyCodeImage(javax.servlet.http.HttpServletRequest,javax.servlet.http.HttpServletResponse) throws java.io.IOException
[INFO] [2017-04-19 14:47:02][org.springframework.web.servlet.mvc.method.annotation.RequestMappingHandlerMapping]Mapped "{[/regist],params=[oper=do],produces=[text/html;charset=UTF-8]}" onto public java.lang.String cn.blog2.web.LoginController.doRegist(javax.servlet.http.HttpServletRequest,javax.servlet.http.HttpServletResponse,org.springframework.ui.Model)
[INFO] [2017-04-19 14:47:02][org.springframework.web.servlet.mvc.method.annotation.RequestMappingHandlerMapping]Mapped "{[/login],params=[oper=do],produces=[text/html;charset=UTF-8]}" onto public java.lang.String cn.blog2.web.LoginController.doLogin(javax.servlet.http.HttpServletRequest,javax.servlet.http.HttpServletResponse,org.springframework.ui.Model)
[INFO] [2017-04-19 14:47:02][org.springframework.web.servlet.mvc.method.annotation.RequestMappingHandlerMapping]Mapped "{[/velocity.shtml]}" onto public java.lang.String cn.blog2.web.Test.vmtest(org.springframework.ui.Model,javax.servlet.http.HttpServletRequest)
[INFO] [2017-04-19 14:47:02][org.springframework.web.servlet.mvc.method.annotation.RequestMappingHandlerAdapter]Looking for @ControllerAdvice: WebApplicationContext for namespace 'seckill-dispatcher-servlet': startup date [Wed Apr 19 14:46:58 CST 2017]; root of context hierarchy
[INFO] [2017-04-19 14:47:02][org.springframework.web.servlet.mvc.method.annotation.RequestMappingHandlerAdapter]Looking for @ControllerAdvice: WebApplicationContext for namespace 'seckill-dispatcher-servlet': startup date [Wed Apr 19 14:46:58 CST 2017]; root of context hierarchy
[INFO] [2017-04-19 14:47:02][org.springframework.web.servlet.handler.SimpleUrlHandlerMapping]Mapped URL path [/**] onto handler 'org.springframework.web.servlet.resource.DefaultServletHttpRequestHandler#0'
[INFO] [2017-04-19 14:47:03][org.springframework.web.servlet.view.velocity.VelocityConfigurer]Loading Velocity config from [class path resource [config/velocity.properties]]
[INFO] [2017-04-19 14:47:03][org.springframework.web.servlet.view.velocity.VelocityConfigurer]ClasspathResourceLoader with name 'springMacro' added to configured VelocityEngine
[INFO] [2017-04-19 14:47:03][org.springframework.web.servlet.DispatcherServlet]FrameworkServlet 'seckill-dispatcher': initialization completed in 4930 ms
